2025-12-04 19:11:10,011 | INFO     | **********************************************************************
2025-12-04 19:11:10,011 | INFO     | STARTING: SHOPPING BASKET AFFINITY ANALYZER
2025-12-04 19:11:10,012 | INFO     | **********************************************************************
2025-12-04 19:11:10,012 | INFO     | ======================================================================
2025-12-04 19:11:10,012 | INFO     | LAYER 1: RAW - Data Ingestion
2025-12-04 19:11:10,012 | INFO     | ======================================================================
2025-12-04 19:11:10,015 | INFO     | Loaded sales header: 25 transactions
2025-12-04 19:11:10,020 | INFO     | Loaded line items: 70 items
2025-12-04 19:11:10,021 | INFO     | Loaded products: 10 products
2025-12-04 19:11:10,022 | INFO     | Unique products in sales: 7
2025-12-04 19:11:10,022 | INFO     | ======================================================================
2025-12-04 19:11:10,022 | INFO     | LAYER 2: STAGING - Building Transaction Baskets
2025-12-04 19:11:10,022 | INFO     | ======================================================================
2025-12-04 19:11:10,025 | INFO     | Total baskets: 25
2025-12-04 19:11:10,025 | INFO     | Baskets with 2+ products: 25
2025-12-04 19:11:10,026 | INFO     | Average basket size: 2.80
2025-12-04 19:11:10,051 | INFO     | --------------------------------------------------
2025-12-04 19:11:10,051 | INFO     | Generating Product Pairs...
2025-12-04 19:11:10,051 | INFO     | --------------------------------------------------
2025-12-04 19:11:10,053 | INFO     | Generated 69 product pairs
2025-12-04 19:11:10,057 | INFO     | ======================================================================
2025-12-04 19:11:10,057 | INFO     | LAYER 3: AFFINITY COMPUTATION
2025-12-04 19:11:10,058 | INFO     | ======================================================================
2025-12-04 19:11:10,060 | INFO     | Unique product pairs: 14
2025-12-04 19:11:10,073 | INFO     | Pairs meeting thresholds: 8
2025-12-04 19:11:10,073 | INFO     | --------------------------------------------------
2025-12-04 19:11:10,073 | INFO     | METRICS EXPLANATION:
2025-12-04 19:11:10,074 | INFO     |   Support = How often products appear together
2025-12-04 19:11:10,074 | INFO     |   Confidence = Probability of buying B given A
2025-12-04 19:11:10,074 | INFO     |   Lift > 1 = Positive association (buy together)
2025-12-04 19:11:10,074 | INFO     |   Lift = 1 = No association (independent)
2025-12-04 19:11:10,074 | INFO     |   Lift < 1 = Negative association (don't buy together)
2025-12-04 19:11:10,074 | INFO     | --------------------------------------------------
2025-12-04 19:11:10,075 | INFO     | ======================================================================
2025-12-04 19:11:10,075 | INFO     | LAYER 4: CURATED - Top Affinities
2025-12-04 19:11:10,075 | INFO     | ======================================================================
2025-12-04 19:11:10,080 | INFO     | 
TOP 10 PRODUCT AFFINITIES:
2025-12-04 19:11:10,080 | INFO     | --------------------------------------------------------------------------------
2025-12-04 19:11:10,080 | INFO     | #1: Organic Whole Milk 1L + Olive Oil 1L (Lift: 1.47, Confidence: 29.41%)
2025-12-04 19:11:10,081 | INFO     | #2: Fresh Eggs 12pc + Greek Yogurt 400g (Lift: 1.33, Confidence: 26.67%)
2025-12-04 19:11:10,081 | INFO     | #3: Fresh Eggs 12pc + Basmati Rice 5kg (Lift: 1.33, Confidence: 26.67%)
2025-12-04 19:11:10,081 | INFO     | #4: Brown Bread 400g + Orange Juice 1L (Lift: 1.32, Confidence: 21.05%)
2025-12-04 19:11:10,081 | INFO     | #5: Organic Whole Milk 1L + Basmati Rice 5kg (Lift: 1.18, Confidence: 23.53%)
2025-12-04 19:11:10,081 | INFO     | #6: Organic Whole Milk 1L + Fresh Eggs 12pc (Lift: 1.08, Confidence: 64.71%)
2025-12-04 19:11:10,082 | INFO     | #7: Brown Bread 400g + Basmati Rice 5kg (Lift: 1.05, Confidence: 21.05%)
2025-12-04 19:11:10,082 | INFO     | #8: Organic Whole Milk 1L + Brown Bread 400g (Lift: 1.01, Confidence: 76.47%)
2025-12-04 19:11:10,082 | INFO     | --------------------------------------------------------------------------------
2025-12-04 19:11:10,082 | INFO     | --------------------------------------------------
2025-12-04 19:11:10,082 | INFO     | Saving Curated Data...
2025-12-04 19:11:10,082 | INFO     | --------------------------------------------------
2025-12-04 19:11:10,092 | INFO     | Saved affinity scores to curated/task2/affinity_scores
2025-12-04 19:11:10,100 | INFO     | Saved top affinities to curated/task2/top_affinities
2025-12-04 19:11:10,103 | INFO     | **********************************************************************
2025-12-04 19:11:10,103 | INFO     | PIPELINE COMPLETED SUCCESSFULLY!
2025-12-04 19:11:10,103 | INFO     | **********************************************************************
